<?xml version="1.0" encoding="UTF-8"?>
<!-- Generated by org.testng.reporters.JUnitReportReporter -->
<testsuite hostname="DESKTOP-2KTHS1L" failures="0" tests="1" name="proj_bat.Test_bat" time="4.601" errors="0" timestamp="2025-10-15T12:26:44 GMT-04:00" skipped="0">
  <testcase classname="proj_bat.Test_bat" name="f" time="4.601"/>
</testsuite> <!-- proj_bat.Test_bat -->
