<?xml version="1.0" encoding="UTF-8"?>
<!-- Generated by org.testng.reporters.JUnitReportReporter -->
<testsuite hostname="DESKTOP-2KTHS1L" failures="0" tests="2" name="proj_bat.NewTest_bat" time="0.019" errors="0" timestamp="2025-10-15T12:26:28 GMT-04:00" skipped="0">
  <testcase classname="proj_bat.NewTest_bat" name="testlogin1" time="0.018"/>
  <testcase classname="proj_bat.NewTest_bat" name="testlogin2" time="0.001"/>
</testsuite> <!-- proj_bat.NewTest_bat -->
