<?xml version="1.0" encoding="UTF-8"?>
<!-- Generated by org.testng.reporters.JUnitReportReporter -->
<testsuite hostname="DESKTOP-2KTHS1L" failures="0" tests="1" name="proj_bat.Page_Test" time="5.514" errors="0" timestamp="2025-10-16T12:10:06 GMT-04:00" skipped="0">
  <testcase classname="proj_bat.Page_Test" name="f" time="5.514"/>
  <system-out/>
</testsuite> <!-- proj_bat.Page_Test -->
